Movie Directory/MovieClient/app/build/intermediates/manifest_merge_blame_file/debug/manifest-merger-blame-debug-report.txt
1<?xml version="1.0" encoding="utf-8"?>
2<manifest xmlns:android="http://schemas.android.com/apk/res/android"
3    package="course.examples.Services.KeyClient"
4    android:versionCode="1"
5    android:versionName="1.0" >
6
7    <uses-sdk
8        android:minSdkVersion="23"
8-->src/main/AndroidManifest.xml
9        android:targetSdkVersion="28" />
9-->src/main/AndroidManifest.xml
10
11    <uses-permission android:name="course.examples.Services.KeyService.GEN_ID" />
11-->src/main/AndroidManifest.xml:7:5-82
11-->src/main/AndroidManifest.xml:7:22-79
12    <uses-permission android:name="android.permission.INTERNET" />
12-->src/main/AndroidManifest.xml:8:5-67
12-->src/main/AndroidManifest.xml:8:22-64
13
14    <application
14-->src/main/AndroidManifest.xml:10:5-31:19
15        android:allowBackup="false"
15-->src/main/AndroidManifest.xml:11:9-36
16        android:appComponentFactory="android.support.v4.app.CoreComponentFactory"
16-->[com.android.support:support-compat:28.0.0] AndroidManifest.xml:22:18-91
17        android:debuggable="true"
18        android:extractNativeLibs="false"
19        android:icon="@drawable/ic_launcher"
19-->src/main/AndroidManifest.xml:12:9-45
20        android:testOnly="true" >
21        <activity
21-->src/main/AndroidManifest.xml:13:9-15:40
22            android:name="course.examples.Services.KeyClient.DetailsActivity"
22-->src/main/AndroidManifest.xml:14:13-44
23            android:exported="false" />
23-->src/main/AndroidManifest.xml:15:13-37
24        <activity
24-->src/main/AndroidManifest.xml:16:9-18:40
25            android:name="course.examples.Services.KeyClient.MainActivity2"
25-->src/main/AndroidManifest.xml:17:13-42
26            android:exported="false" />
26-->src/main/AndroidManifest.xml:18:13-37
27        <activity
27-->src/main/AndroidManifest.xml:19:9-21:40
28            android:name="course.examples.Services.KeyClient.ListMovies"
28-->src/main/AndroidManifest.xml:20:13-39
29            android:exported="false" />
29-->src/main/AndroidManifest.xml:21:13-37
30        <activity
30-->src/main/AndroidManifest.xml:22:9-30:20
31            android:name="course.examples.Services.KeyClient.MainActivity"
31-->src/main/AndroidManifest.xml:23:13-41
32            android:label="@string/app_name" >
32-->src/main/AndroidManifest.xml:24:13-45
33            <intent-filter>
33-->src/main/AndroidManifest.xml:25:13-29:29
34                <action android:name="android.intent.action.MAIN" />
34-->src/main/AndroidManifest.xml:26:17-69
34-->src/main/AndroidManifest.xml:26:25-66
35
36                <category android:name="android.intent.category.LAUNCHER" />
36-->src/main/AndroidManifest.xml:28:17-77
36-->src/main/AndroidManifest.xml:28:27-74
37            </intent-filter>
38        </activity>
39    </application>
40
41</manifest>